
> frontend@0.1.0 dev
> next dev

⚠ Warning: Next.js inferred your workspace root, but it may not be correct.
 We detected multiple lockfiles and selected the directory of C:\Users\Administrator\project_1\package-lock.json as the root directory.
 To silence this warning, set `turbopack.root` in your Next.js config, or consider removing one of the lockfiles if it's not needed.
   See https://nextjs.org/docs/app/api-reference/config/next-config-js/turbopack#root-directory for more information.
 Detected additional lockfiles: 
   * C:\Users\Administrator\project_1\frontend\package-lock.json

▲ Next.js 16.1.4 (Turbopack)
- Local:         http://localhost:3000
- Network:       http://192.168.45.28:3000

✓ Starting...
✓ Ready in 3.4s
 GET / 200 in 2.9s (compile: 2.5s, render: 452ms)
 GET / 200 in 104ms (compile: 14ms, render: 90ms)
 GET /upload 200 in 1018ms (compile: 972ms, render: 46ms)
✓ Compiled in 126ms
✓ Compiled in 66ms
✓ Compiled in 66ms
✓ Compiled in 58ms
✓ Compiled in 62ms
✓ Compiled in 48ms
✓ Compiled in 53ms
✓ Compiled in 53ms
 GET / 200 in 67ms (compile: 7ms, render: 60ms)
 GET /upload 200 in 161ms (compile: 90ms, render: 71ms)
 GET /upload 200 in 35ms (compile: 7ms, render: 28ms)
✓ Compiled in 69ms
✓ Compiled in 65ms
✓ Compiled in 145ms
✓ Compiled in 51ms
✓ Compiled in 48ms
✓ Compiled in 46ms
 GET /upload 200 in 277ms (compile: 104ms, render: 173ms)
 GET /upload 200 in 63ms (compile: 6ms, render: 57ms)
 GET / 200 in 29ms (compile: 10ms, render: 19ms)
 GET /upload 200 in 31ms (compile: 7ms, render: 25ms)
✓ Compiled in 75ms
✓ Compiled in 55ms
 GET / 200 in 349ms (compile: 116ms, render: 233ms)
 GET / 200 in 93ms (compile: 13ms, render: 80ms)
 GET /upload 200 in 79ms (compile: 24ms, render: 55ms)
^C